18:36:40.216 [main] INFO  testCases.Test_001 - *****Test_001 Has Started*****
18:36:40.539 [main] INFO  testCases.Test_001 - Validation of WebPage Title is done
18:36:41.063 [main] INFO  testCases.Test_001 - Filling of data on car loan Window Started
18:36:43.512 [main] INFO  testCases.Test_001 - Filling of data on car loan Window Done
18:36:44.051 [main] INFO  testCases.Test_001 - Printing one month principle and interest Started
18:36:45.003 [main] INFO  testCases.Test_001 - Printing one month principle and interest Done
18:36:45.021 [main] INFO  testCases.Test_001 - Navigation of Home Loan Emi Calculator page Started
18:36:47.445 [main] INFO  testCases.Test_001 - Navigation of Home Loan Emi Calculator page Done
18:36:47.446 [main] INFO  testCases.Test_001 - Validation of web page title started
18:36:47.490 [main] INFO  testCases.Test_001 - Validation of web page title done
18:36:48.027 [main] INFO  testCases.Test_001 - User Interface Checking on Home Loan Emi Calculator Started
18:36:49.392 [main] INFO  testCases.Test_001 - User Interface Checking on Home Loan Emi Calculator Done
18:36:49.760 [main] INFO  testCases.Test_001 - User Interface Checking on Home owner expenses Started
18:36:50.808 [main] INFO  testCases.Test_001 - User Interface Checking on Home owner expenses Done
18:36:51.216 [main] INFO  testCases.Test_001 - Filling Data on Home Loan Emi Calculator Started
18:37:00.851 [main] INFO  testCases.Test_001 - Validation of web page title started
18:37:00.873 [main] INFO  testCases.Test_001 - Validation of WebPage Title is done
18:37:01.323 [main] INFO  testCases.Test_001 - Validation of Emi Calculator Started
18:37:03.524 [main] INFO  testCases.Test_001 - Changing the Loan Tenure for year and month in Emi Calculator Started
18:37:05.034 [main] INFO  testCases.Test_001 - Changing the Loan Tenure for year and month in Emi Calculator Done
18:37:06.229 [main] INFO  testCases.Test_001 - Validation of Emi Calculator Started
18:37:06.594 [main] INFO  testCases.Test_001 - Validation of Loan Amount Calculator Started
18:37:09.647 [main] INFO  testCases.Test_001 - Changing the Loan Tenure for year and month in Loan amount Calculator Started
18:37:11.131 [main] INFO  testCases.Test_001 - Changing the Loan Tenure for year and month in Loan amount Calculator Done
18:37:12.159 [main] INFO  testCases.Test_001 - Validation of Loan Amount Calculator Done
18:37:12.444 [main] INFO  testCases.Test_001 - Validation of Loan Tenure Calculator Started
18:37:16.389 [main] INFO  testCases.Test_001 - Validation of Loan Tenure Calculator Done
18:37:16.671 [main] INFO  testCases.Test_001 - *****Test_001 Has Finished*****
18:41:02.704 [main] INFO  testCases.Test_001 - *****Test_001 Has Started*****
18:41:02.908 [main] INFO  testCases.Test_001 - Validation of WebPage Title is done
18:41:03.494 [main] INFO  testCases.Test_001 - Filling of data on car loan Window Started
18:43:35.378 [main] INFO  testCases.Test_001 - *****Test_001 Has Started*****
18:43:35.616 [main] INFO  testCases.Test_001 - Validation of WebPage Title is done
18:43:36.104 [main] INFO  testCases.Test_001 - Filling of data on car loan Window Started
18:43:38.774 [main] INFO  testCases.Test_001 - Filling of data on car loan Window Done
18:43:39.141 [main] INFO  testCases.Test_001 - Printing one month principle and interest Started
18:43:39.919 [main] INFO  testCases.Test_001 - Printing one month principle and interest Done
18:43:39.929 [main] INFO  testCases.Test_001 - Navigation of Home Loan Emi Calculator page Started
18:43:42.536 [main] INFO  testCases.Test_001 - Navigation of Home Loan Emi Calculator page Done
18:43:42.537 [main] INFO  testCases.Test_001 - Validation of web page title started
18:43:42.580 [main] INFO  testCases.Test_001 - Validation of web page title done
18:43:43.015 [main] INFO  testCases.Test_001 - User Interface Checking on Home Loan Emi Calculator Started
18:43:44.183 [main] INFO  testCases.Test_001 - User Interface Checking on Home Loan Emi Calculator Done
18:43:44.604 [main] INFO  testCases.Test_001 - User Interface Checking on Home owner expenses Started
18:43:45.582 [main] INFO  testCases.Test_001 - User Interface Checking on Home owner expenses Done
18:43:45.914 [main] INFO  testCases.Test_001 - Filling Data on Home Loan Emi Calculator Started
18:44:17.556 [main] INFO  testCases.Test_001 - Filling Data on Home Loan Emi Calculator Done
18:44:20.497 [main] INFO  testCases.Test_001 - Validation of web page title started
18:44:20.632 [main] INFO  testCases.Test_001 - Validation of WebPage Title is done
18:44:21.130 [main] INFO  testCases.Test_001 - Validation of Emi Calculator Started
18:44:23.444 [main] INFO  testCases.Test_001 - Changing the Loan Tenure for year and month in Emi Calculator Started
18:44:25.323 [main] INFO  testCases.Test_001 - Changing the Loan Tenure for year and month in Emi Calculator Done
18:44:26.514 [main] INFO  testCases.Test_001 - Validation of Emi Calculator Started
